Unity Editor version:    6000.0.52f1 (9e4086222921)
Branch:                  6000.0/staging
Build type:              Release
Batch mode:              YES
macOS version:           Version 13.7.1 (Build 22H221)
Darwin version:          22.6.0
Architecture:            x86_64
Running under Rosetta:   NO
Available memory:        8192 MB
Using pre-set license

COMMAND LINE ARGUMENTS:
/Applications/Unity/Hub/Editor/6000.0.52f1/Unity.app/Contents/MacOS/Unity
-adb2
-batchMode
-noUpm
-name
AssetImportWorker0
-projectPath
/Users/renaschool/Documents/GMG-Unity-2025
-logFile
Logs/AssetImportWorker0.log
-srvPort
54826
-job-worker-count
1
-background-job-worker-count
8
-gc-helper-count
1
Successfully changed project path to: /Users/renaschool/Documents/GMG-Unity-2025
/Users/renaschool/Documents/GMG-Unity-2025
[UnityMemory] Configuration Parameters - Can be set up in boot.config
    "memorysetup-bucket-allocator-granularity=16"
    "memorysetup-bucket-allocator-bucket-count=8"
    "memorysetup-bucket-allocator-block-size=33554432"
    "memorysetup-bucket-allocator-block-count=8"
    "memorysetup-main-allocator-block-size=16777216"
    "memorysetup-thread-allocator-block-size=16777216"
    "memorysetup-gfx-main-allocator-block-size=16777216"
    "memorysetup-gfx-thread-allocator-block-size=16777216"
    "memorysetup-cache-allocator-block-size=4194304"
    "memorysetup-typetree-allocator-block-size=2097152"
    "memorysetup-profiler-bucket-allocator-granularity=16"
    "memorysetup-profiler-bucket-allocator-bucket-count=8"
    "memorysetup-profiler-bucket-allocator-block-size=33554432"
    "memorysetup-profiler-bucket-allocator-block-count=8"
    "memorysetup-profiler-allocator-block-size=16777216"
    "memorysetup-profiler-editor-allocator-block-size=1048576"
    "memorysetup-temp-allocator-size-main=16777216"
    "memorysetup-job-temp-allocator-block-size=2097152"
    "memorysetup-job-temp-allocator-block-size-background=1048576"
    "memorysetup-job-temp-allocator-reduction-small-platforms=262144"
    "memorysetup-allocator-temp-initial-block-size-main=262144"
    "memorysetup-allocator-temp-initial-block-size-worker=262144"
    "memorysetup-temp-allocator-size-background-worker=32768"
    "memorysetup-temp-allocator-size-job-worker=262144"
    "memorysetup-temp-allocator-size-preload-manager=33554432"
    "memorysetup-temp-allocator-size-nav-mesh-worker=65536"
    "memorysetup-temp-allocator-size-audio-worker=65536"
    "memorysetup-temp-allocator-size-cloud-worker=32768"
    "memorysetup-temp-allocator-size-gi-baking-worker=262144"
    "memorysetup-temp-allocator-size-gi-baking-worker=262144"
    "memorysetup-temp-allocator-size-gi-baking-worker=262144"
    "memorysetup-temp-allocator-size-gi-baking-worker=262144"
    "memorysetup-temp-allocator-size-gi-baking-worker=262144"
    "memorysetup-temp-allocator-size-gfx=262144"
Player connection [140704499382592]  Target information:

Player connection [140704499382592]  * "[IP] 10.206.101.96 [Port] 0 [Flags] 2 [Guid] 3299055979 [EditorId] 3299055979 [Version] 1048832 [Id] OSXEditor(0,Jims-MacBook-Pro-2.local) [Debug] 1 [PackageName] OSXEditor [ProjectName] Editor" 

Player connection [140704499382592] Host joined multi-casting on [225.0.0.222:54997]...
Player connection [140704499382592] Host joined alternative multi-casting on [225.0.0.222:34997]...
JobSystem: Creating JobQueue using job-worker-count value 1
Input System module state changed to: Initialized.
[Physics::Module] Initialized fallback backend.
[Physics::Module] Id: 0xdecafbad
Library Redirect Path: Library/
[Physics::Module] Selected backend.
[Physics::Module] Name: PhysX
[Physics::Module] Id: 0xf2b8ea05
[Physics::Module] SDK Version: 4.1.2
[Physics::Module] Integration Version: 1.0.0
[Physics::Module] Threading Mode: Multi-Threaded
Refreshing native plugins compatible for Editor in 9.20 ms, found 3 plugins.
Preloading 0 native plugins for Editor in 0.00 ms.
Initialize engine version: 6000.0.52f1 (9e4086222921)
[Subsystems] Discovering subsystems at path /Applications/Unity/Hub/Editor/6000.0.52f1/Unity.app/Contents/Resources/UnitySubsystems
[Subsystems] Discovering subsystems at path /Users/renaschool/Documents/GMG-Unity-2025/Assets
GfxDevice: creating device client; kGfxThreadingModeNonThreaded
Color LCD preferred device: Intel(R) Iris(TM) Plus Graphics 640 (low power)
Metal devices available: 1
0: Intel(R) Iris(TM) Plus Graphics 640 (low power)
Using device Intel(R) Iris(TM) Plus Graphics 640 (low power)
Initializing Metal device caps: Intel(R) Iris(TM) Plus Graphics 640
Initialize mono
Mono path[0] = '/Applications/Unity/Hub/Editor/6000.0.52f1/Unity.app/Contents/Managed'
Mono path[1] = '/Applications/Unity/Hub/Editor/6000.0.52f1/Unity.app/Contents/MonoBleedingEdge/lib/mono/unityjit-macos'
Mono config path = '/Applications/Unity/Hub/Editor/6000.0.52f1/Unity.app/Contents/MonoBleedingEdge/etc'
Using monoOptions --debugger-agent=transport=dt_socket,embedding=1,server=y,suspend=n,address=127.0.0.1:56786
Begin MonoManager ReloadAssembly
Registering precompiled unity dll's ...
Register platform support module: /Applications/Unity/Hub/Editor/6000.0.52f1/Unity.app/Contents/PlaybackEngines/MacStandaloneSupport/UnityEditor.OSXStandalone.Extensions.dll
Register platform support module: /Applications/Unity/Hub/Editor/6000.0.52f1/PlaybackEngines/AndroidPlayer/UnityEditor.Android.Extensions.dll
Registered in 0.028441 seconds.
- Loaded All Assemblies, in  3.514 seconds
Native extension for Android target not found
Android Extension - Scanning For ADB Devices 490 ms
Native extension for OSXStandalone target not found
Mono: successfully reloaded assembly
- Finished resetting the current domain, in  2.989 seconds
Domain Reload Profiling: 6503ms
	BeginReloadAssembly (1385ms)
		ExecutionOrderSort (0ms)
		DisableScriptedObjects (0ms)
		BackupInstance (0ms)
		ReleaseScriptingObjects (0ms)
		CreateAndSetChildDomain (2ms)
	RebuildCommonClasses (294ms)
	RebuildNativeTypeToScriptingClass (120ms)
	initialDomainReloadingComplete (458ms)
	LoadAllAssembliesAndSetupDomain (1255ms)
		LoadAssemblies (1420ms)
		RebuildTransferFunctionScriptingTraits (0ms)
		AnalyzeDomain (1211ms)
			TypeCache.Refresh (1203ms)
				TypeCache.ScanAssembly (1099ms)
			BuildScriptInfoCaches (0ms)
			ResolveRequiredComponents (1ms)
	FinalizeReload (2991ms)
		ReleaseScriptCaches (0ms)
		RebuildScriptCaches (0ms)
		SetupLoadedEditorAssemblies (2747ms)
			LogAssemblyErrors (0ms)
			InitializePlatformSupportModulesInManaged (1140ms)
			SetLoadedEditorAssemblies (17ms)
			BeforeProcessingInitializeOnLoad (698ms)
			ProcessInitializeOnLoadAttributes (601ms)
			ProcessInitializeOnLoadMethodAttributes (290ms)
			AfterProcessingInitializeOnLoad (0ms)
			EditorAssembliesLoaded (0ms)
		ExecutionOrderSort2 (0ms)
		AwakeInstancesAfterBackupRestoration (0ms)
Assembly reference Packages/com.unity.cinemachine/Editor/Samples/ExposeHDRPInternals/HDRP-Editor-ref.asmref has no target assembly definition
========================================================================
Worker process is ready to serve import requests
Import Worker Mode flag is 0x00
Assembly reference Packages/com.unity.cinemachine/Editor/Samples/ExposeHDRPInternals/HDRP-Editor-ref.asmref has no target assembly definition
Assembly reference Packages/com.unity.cinemachine/Editor/Samples/ExposeHDRPInternals/HDRP-Editor-ref.asmref has no target assembly definition
Begin MonoManager ReloadAssembly
- Loaded All Assemblies, in  5.305 seconds
Assembly reference Packages/com.unity.cinemachine/Editor/Samples/ExposeHDRPInternals/HDRP-Editor-ref.asmref has no target assembly definition
'Packages/com.unity.cinemachine/Editor/Obsolete/CinemachineVirtualCameraBaseEditor.cs' contains partial class of Unity.Object, exactly 1 of the partial classes needs to be in a file with the same filename. This is to know the one that can be referenced from ie. GameObjects
'Packages/com.unity.cinemachine/Editor/Editors/CinemachineVirtualCameraBaseEditor.cs' contains partial class of Unity.Object, exactly 1 of the partial classes needs to be in a file with the same filename. This is to know the one that can be referenced from ie. GameObjects
Refreshing native plugins compatible for Editor in 11.38 ms, found 3 plugins.
Native extension for Android target not found
Native extension for OSXStandalone target not found
Assembly reference Packages/com.unity.cinemachine/Editor/Samples/ExposeHDRPInternals/HDRP-Editor-ref.asmref has no target assembly definition
Package Manager log level set to [2]
[Package Manager] Failed to launch server process. Reason: Unity was launched with the -noUpm command-line argument
[Package Manager] Unable to send message (not connected to server process).
[Package Manager] Cannot connect to Unity Package Manager local server
Mono: successfully reloaded assembly
- Finished resetting the current domain, in  4.031 seconds
Domain Reload Profiling: 9335ms
	BeginReloadAssembly (912ms)
		ExecutionOrderSort (0ms)
		DisableScriptedObjects (27ms)
		BackupInstance (0ms)
		ReleaseScriptingObjects (0ms)
		CreateAndSetChildDomain (242ms)
	RebuildCommonClasses (271ms)
	RebuildNativeTypeToScriptingClass (206ms)
	initialDomainReloadingComplete (181ms)
	LoadAllAssembliesAndSetupDomain (3732ms)
		LoadAssemblies (2867ms)
		RebuildTransferFunctionScriptingTraits (0ms)
		AnalyzeDomain (1250ms)
			TypeCache.Refresh (1090ms)
				TypeCache.ScanAssembly (922ms)
			BuildScriptInfoCaches (110ms)
			ResolveRequiredComponents (33ms)
	FinalizeReload (4033ms)
		ReleaseScriptCaches (0ms)
		RebuildScriptCaches (0ms)
		SetupLoadedEditorAssemblies (3211ms)
			LogAssemblyErrors (0ms)
			InitializePlatformSupportModulesInManaged (66ms)
			SetLoadedEditorAssemblies (22ms)
			BeforeProcessingInitializeOnLoad (1091ms)
			ProcessInitializeOnLoadAttributes (1776ms)
			ProcessInitializeOnLoadMethodAttributes (252ms)
			AfterProcessingInitializeOnLoad (4ms)
			EditorAssembliesLoaded (1ms)
		ExecutionOrderSort2 (0ms)
		AwakeInstancesAfterBackupRestoration (24ms)
Launching external process: /Applications/Unity/Hub/Editor/6000.0.52f1/Unity.app/Contents/Tools/UnityShaderCompiler
Launched and connected shader compiler UnityShaderCompiler after 0.42 seconds
Refreshing native plugins compatible for Editor in 2.68 ms, found 3 plugins.
Preloading 0 native plugins for Editor in 0.00 ms.
Unloading 15 Unused Serialized files (Serialized files now loaded: 0)
Unloading 3069 unused Assets / (1.0 MB). Loaded Objects now: 3564.
Memory consumption went from 87.9 MB to 86.8 MB.
Total: 26.984059 ms (FindLiveObjects: 1.663452 ms CreateObjectMapping: 2.447802 ms MarkObjects: 20.573144 ms  DeleteObjects: 2.294592 ms)

========================================================================
Received Import Request.
  Time since last request: 152239.918289 seconds.
  path: Assets/Art/Sidescroller
  artifactKey: Guid(5c97f92bed6267440bdaa34fb04bcddb) Importer(815301076,1909f56bfc062723c751e8b465ee728b)
Start importing Assets/Art/Sidescroller using Guid(5c97f92bed6267440bdaa34fb04bcddb) Importer(815301076,1909f56bfc062723c751e8b465ee728b) (PreviewImporter) -> (artifact id: 'efaee6f64cbd64fa8c3877ec5ce6c26e') in 0.017066369 seconds
Number of updated asset objects reloaded before import = 0Number of asset objects unloaded after import = 0

========================================================================
Received Import Request.
  Time since last request: 11.740188 seconds.
  path: Assets/Art/Sidescroller/Backgrounds
  artifactKey: Guid(c439012dcf41b5a42ab0c5bd447dbc3b) Importer(815301076,1909f56bfc062723c751e8b465ee728b)
Start importing Assets/Art/Sidescroller/Backgrounds using Guid(c439012dcf41b5a42ab0c5bd447dbc3b) Importer(815301076,1909f56bfc062723c751e8b465ee728b) (PreviewImporter) -> (artifact id: '154b80aee70ff43d354708199b0fc2b4') in 0.001108963 seconds
Number of updated asset objects reloaded before import = 0Number of asset objects unloaded after import = 0

========================================================================
Received Import Request.
  Time since last request: 2.214045 seconds.
  path: Assets/Art/Sidescroller/Backgrounds/bg-night-sky-blank.png
  artifactKey: Guid(9ed8a2d169c1a9548aa1e55f3df023f8) Importer(815301076,1909f56bfc062723c751e8b465ee728b)
Start importing Assets/Art/Sidescroller/Backgrounds/bg-night-sky-blank.png using Guid(9ed8a2d169c1a9548aa1e55f3df023f8) Importer(815301076,1909f56bfc062723c751e8b465ee728b) (PreviewImporter) -> (artifact id: 'ff0f25a026f6d902ac0d00bb43834b06') in 1.268401601 seconds
Number of updated asset objects reloaded before import = 0Number of asset objects unloaded after import = 3

========================================================================
Received Import Request.
  Time since last request: 0.000112 seconds.
  path: Assets/Art/Sidescroller/Backgrounds/bg-sky-clouds.png
  artifactKey: Guid(318e1d0def2d9254bbb1ad7c66bfca69) Importer(815301076,1909f56bfc062723c751e8b465ee728b)
Start importing Assets/Art/Sidescroller/Backgrounds/bg-sky-clouds.png using Guid(318e1d0def2d9254bbb1ad7c66bfca69) Importer(815301076,1909f56bfc062723c751e8b465ee728b) (PreviewImporter) -> (artifact id: 'e9d7abc62d6390b4d62462f2072ba5b5') in 0.013903197 seconds
Number of updated asset objects reloaded before import = 0Number of asset objects unloaded after import = 3

========================================================================
Received Import Request.
  Time since last request: 0.000065 seconds.
  path: Assets/Art/Sidescroller/Backgrounds/starry_red.png
  artifactKey: Guid(68645cf5e05ea4226ba2427825387168) Importer(815301076,1909f56bfc062723c751e8b465ee728b)
Start importing Assets/Art/Sidescroller/Backgrounds/starry_red.png using Guid(68645cf5e05ea4226ba2427825387168) Importer(815301076,1909f56bfc062723c751e8b465ee728b) (PreviewImporter) -> (artifact id: '460311ef4ab2e85ba331fc89f1a76999') in 0.018382857 seconds
Number of updated asset objects reloaded before import = 0Number of asset objects unloaded after import = 3

========================================================================
Received Import Request.
  Time since last request: 0.000112 seconds.
  path: Assets/Art/Sidescroller/Backgrounds/starry_purple.png
  artifactKey: Guid(aac0a276127af44e6baa88db211f8373) Importer(815301076,1909f56bfc062723c751e8b465ee728b)
Start importing Assets/Art/Sidescroller/Backgrounds/starry_purple.png using Guid(aac0a276127af44e6baa88db211f8373) Importer(815301076,1909f56bfc062723c751e8b465ee728b) (PreviewImporter) -> (artifact id: 'f277457e751fed57daff62092f9a0de6') in 0.014691692 seconds
Number of updated asset objects reloaded before import = 0Number of asset objects unloaded after import = 3

========================================================================
Received Import Request.
  Time since last request: 0.000245 seconds.
  path: Assets/Art/Sidescroller/Backgrounds/BKG01.png
  artifactKey: Guid(915a342969e02584daaa747b82707dfb) Importer(815301076,1909f56bfc062723c751e8b465ee728b)
Start importing Assets/Art/Sidescroller/Backgrounds/BKG01.png using Guid(915a342969e02584daaa747b82707dfb) Importer(815301076,1909f56bfc062723c751e8b465ee728b) (PreviewImporter) -> (artifact id: '745ff8834ad540aa0e1683a584831897') in 0.030259382 seconds
Number of updated asset objects reloaded before import = 0Number of asset objects unloaded after import = 3

========================================================================
Received Import Request.
  Time since last request: 0.000061 seconds.
  path: Assets/Art/Sidescroller/Backgrounds/blue_land.png
  artifactKey: Guid(bae33333c162f0d4990ed6c9fa88917c) Importer(815301076,1909f56bfc062723c751e8b465ee728b)
Start importing Assets/Art/Sidescroller/Backgrounds/blue_land.png using Guid(bae33333c162f0d4990ed6c9fa88917c) Importer(815301076,1909f56bfc062723c751e8b465ee728b) (PreviewImporter) -> (artifact id: '589a1ce4fa3347500f8f2a28c3a27393') in 0.017449485 seconds
Number of updated asset objects reloaded before import = 0Number of asset objects unloaded after import = 3

========================================================================
Received Import Request.
  Time since last request: 0.000059 seconds.
  path: Assets/Art/Sidescroller/Backgrounds/BKG03.png
  artifactKey: Guid(4081924f9c0707d47ae3900717ebb5aa) Importer(815301076,1909f56bfc062723c751e8b465ee728b)
Start importing Assets/Art/Sidescroller/Backgrounds/BKG03.png using Guid(4081924f9c0707d47ae3900717ebb5aa) Importer(815301076,1909f56bfc062723c751e8b465ee728b) (PreviewImporter) -> (artifact id: '686fcde4574ad0d37105af7abd66cef2') in 0.016516564 seconds
Number of updated asset objects reloaded before import = 0Number of asset objects unloaded after import = 3

========================================================================
Received Import Request.
  Time since last request: 0.000076 seconds.
  path: Assets/Art/Sidescroller/Backgrounds/starry_.png
  artifactKey: Guid(4cf8f0e024145422fa3201a6fc6ea285) Importer(815301076,1909f56bfc062723c751e8b465ee728b)
Start importing Assets/Art/Sidescroller/Backgrounds/starry_.png using Guid(4cf8f0e024145422fa3201a6fc6ea285) Importer(815301076,1909f56bfc062723c751e8b465ee728b) (PreviewImporter) -> (artifact id: 'ff90377ee5b5b1719efcce3b5610e9a6') in 0.034800929 seconds
Number of updated asset objects reloaded before import = 0Number of asset objects unloaded after import = 3

========================================================================
Received Import Request.
  Time since last request: 0.001139 seconds.
  path: Assets/Art/Sidescroller/Backgrounds/colored_desert.png
  artifactKey: Guid(78ee48aa9a2407646a3b4a7223e4c26e) Importer(815301076,1909f56bfc062723c751e8b465ee728b)
Start importing Assets/Art/Sidescroller/Backgrounds/colored_desert.png using Guid(78ee48aa9a2407646a3b4a7223e4c26e) Importer(815301076,1909f56bfc062723c751e8b465ee728b) (PreviewImporter) -> (artifact id: 'b973c15af3775358ad10b999e387d8a4') in 0.064429037 seconds
Number of updated asset objects reloaded before import = 0Number of asset objects unloaded after import = 3

Editor requested this worker to shutdown with reason: Scaling down because of idle timeout
AssetImportWorker is now disconnected from the server
Process exiting
